<?xml version="1.0" encoding="UTF-8"?>
<!-- Generated by org.testng.reporters.JUnitReportReporter -->
<testsuite hostname="EGCA1-0091" failures="0" tests="1" name="test_cases.E2E_CreateNewAlarm" time="9.101" errors="0" timestamp="2022-06-24T01:21:24 EET" skipped="0">
  <testcase classname="test_cases.E2E_CreateNewAlarm" name="addNewAlarm" time="9.101"/>
  <system-out/>
</testsuite> <!-- test_cases.E2E_CreateNewAlarm -->
