<?xml version="1.0" encoding="UTF-8"?>
<!-- Generated by org.testng.reporters.JUnitReportReporter -->
<testsuite hostname="EGCA1-0091" failures="0" tests="1" name="main.main" time="9.630" errors="0" timestamp="2022-04-13T11:35:52 EET" skipped="0">
  <testcase classname="main.main" name="checkToastErrorMessage" time="9.630"/>
  <system-out/>
</testsuite> <!-- main.main -->
