<?xml version="1.0" encoding="UTF-8"?>
<!-- Generated by org.testng.reporters.JUnitReportReporter -->
<testsuite hostname="EGCA1-0091" failures="0" tests="1" name="test_cases.E2E_CreateNewAlarm" time="12.732" errors="0" timestamp="2022-07-23T23:11:52 EET" skipped="0">
  <testcase classname="test_cases.E2E_CreateNewAlarm" name="addNewAlarm" time="12.732"/>
  <system-out/>
</testsuite> <!-- test_cases.E2E_CreateNewAlarm -->
