<?xml version="1.0" encoding="UTF-8"?>
<!-- Generated by org.testng.reporters.JUnitReportReporter -->
<testsuite hostname="EGCA1-0091" failures="0" tests="1" name="test_cases.E2E_CreateNewAlarm" time="8.773" errors="0" timestamp="2022-05-06T23:51:58 EET" skipped="0">
  <testcase classname="test_cases.E2E_CreateNewAlarm" name="addNewAlarm" time="8.773"/>
  <system-out/>
</testsuite> <!-- test_cases.E2E_CreateNewAlarm -->
